[18:07:13] [ServerMain/WARN]: resource-pack-id missing, using default of a45cc15d-b921-3834-964a-813c9cc83ab4
[18:07:14] [ServerMain/INFO]: Environment: Environment[sessionHost=https://sessionserver.mojang.com, servicesHost=https://api.minecraftservices.com, name=PROD]
[18:07:16] [ServerMain/INFO]: Loaded 1174 recipes
[18:07:16] [ServerMain/INFO]: Loaded 1271 advancements
[18:07:16] [Server thread/INFO]: Starting minecraft server version 1.20.4
[18:07:16] [Server thread/INFO]: Loading properties
[18:07:16] [Server thread/INFO]: This server is running Paper version git-Paper-497 (MC: 1.20.4) (Implementing API version 1.20.4-R0.1-SNAPSHOT) (Git: d8d54d9 on ver/1.20.4)
[18:07:17] [Server thread/INFO]: Server Ping Player Sample Count: 12
[18:07:17] [Server thread/INFO]: Using 4 threads for Netty based IO
[18:07:18] [Server thread/WARN]: [!] The timings profiler has been enabled but has been scheduled for removal from Paper in the future.
    We recommend installing the spark profiler as a replacement: https://spark.lucko.me/
    For more information please visit: https://github.com/PaperMC/Paper/issues/8948
[18:07:18] [Server thread/INFO]: [ChunkTaskScheduler] Chunk system is using 1 I/O threads, 1 worker threads, and gen parallelism of 1 threads
[18:07:18] [Server thread/INFO]: Default game type: SURVIVAL
[18:07:18] [Server thread/INFO]: Generating keypair
[18:07:18] [Server thread/INFO]: Starting Minecraft server on *:25565
[18:07:18] [Server thread/INFO]: Using epoll channel type
[18:07:18] [Server thread/INFO]: Paper: Using libdeflate (Linux x86_64) compression from Velocity.
[18:07:18] [Server thread/INFO]: Paper: Using OpenSSL 1.1.x (Linux x86_64) cipher from Velocity.
[18:07:18] [Server thread/INFO]: [SpigotLibraryLoader] [MythicMobs] Loading 4 libraries... please wait
[18:07:19] [Server thread/INFO]: [SpigotLibraryLoader] [MythicMobs] Loaded library /workspaces/server/servidor_minecraft/libraries/net/kyori/adventure-api/4.16.0/adventure-api-4.16.0.jar
[18:07:19] [Server thread/INFO]: [SpigotLibraryLoader] [MythicMobs] Loaded library /workspaces/server/servidor_minecraft/libraries/net/kyori/adventure-key/4.16.0/adventure-key-4.16.0.jar
[18:07:19] [Server thread/INFO]: [SpigotLibraryLoader] [MythicMobs] Loaded library /workspaces/server/servidor_minecraft/libraries/net/kyori/examination-api/1.3.0/examination-api-1.3.0.jar
[18:07:19] [Server thread/INFO]: [SpigotLibraryLoader] [MythicMobs] Loaded library /workspaces/server/servidor_minecraft/libraries/net/kyori/examination-string/1.3.0/examination-string-1.3.0.jar
[18:07:19] [Server thread/INFO]: [SpigotLibraryLoader] [MythicMobs] Loaded library /workspaces/server/servidor_minecraft/libraries/org/jetbrains/annotations/24.1.0/annotations-24.1.0.jar
[18:07:19] [Server thread/INFO]: [SpigotLibraryLoader] [MythicMobs] Loaded library /workspaces/server/servidor_minecraft/libraries/net/kyori/adventure-platform-bukkit/4.3.2/adventure-platform-bukkit-4.3.2.jar
[18:07:19] [Server thread/INFO]: [SpigotLibraryLoader] [MythicMobs] Loaded library /workspaces/server/servidor_minecraft/libraries/net/kyori/adventure-platform-api/4.3.2/adventure-platform-api-4.3.2.jar
[18:07:19] [Server thread/INFO]: [SpigotLibraryLoader] [MythicMobs] Loaded library /workspaces/server/servidor_minecraft/libraries/net/kyori/adventure-text-serializer-bungeecord/4.3.2/adventure-text-serializer-bungeecord-4.3.2.jar
[18:07:19] [Server thread/INFO]: [SpigotLibraryLoader] [MythicMobs] Loaded library /workspaces/server/servidor_minecraft/libraries/net/kyori/adventure-text-serializer-legacy/4.13.1/adventure-text-serializer-legacy-4.13.1.jar
[18:07:19] [Server thread/INFO]: [SpigotLibraryLoader] [MythicMobs] Loaded library /workspaces/server/servidor_minecraft/libraries/net/kyori/adventure-nbt/4.13.1/adventure-nbt-4.13.1.jar
[18:07:19] [Server thread/INFO]: [SpigotLibraryLoader] [MythicMobs] Loaded library /workspaces/server/servidor_minecraft/libraries/net/kyori/adventure-text-serializer-gson-legacy-impl/4.13.1/adventure-text-serializer-gson-legacy-impl-4.13.1.jar
[18:07:19] [Server thread/INFO]: [SpigotLibraryLoader] [MythicMobs] Loaded library /workspaces/server/servidor_minecraft/libraries/net/kyori/adventure-platform-facet/4.3.2/adventure-platform-facet-4.3.2.jar
[18:07:19] [Server thread/INFO]: [SpigotLibraryLoader] [MythicMobs] Loaded library /workspaces/server/servidor_minecraft/libraries/net/kyori/adventure-platform-viaversion/4.3.2/adventure-platform-viaversion-4.3.2.jar
[18:07:19] [Server thread/INFO]: [SpigotLibraryLoader] [MythicMobs] Loaded library /workspaces/server/servidor_minecraft/libraries/net/kyori/adventure-text-minimessage/4.16.0/adventure-text-minimessage-4.16.0.jar
[18:07:19] [Server thread/INFO]: [SpigotLibraryLoader] [MythicMobs] Loaded library /workspaces/server/servidor_minecraft/libraries/net/kyori/adventure-text-serializer-gson/4.16.0/adventure-text-serializer-gson-4.16.0.jar
[18:07:19] [Server thread/INFO]: [SpigotLibraryLoader] [MythicMobs] Loaded library /workspaces/server/servidor_minecraft/libraries/net/kyori/adventure-text-serializer-json/4.16.0/adventure-text-serializer-json-4.16.0.jar
[18:07:19] [Server thread/INFO]: [SpigotLibraryLoader] [MythicMobs] Loaded library /workspaces/server/servidor_minecraft/libraries/net/kyori/option/1.0.0/option-1.0.0.jar
[18:07:19] [Server thread/INFO]: [SpigotLibraryLoader] [MythicMobs] Loaded library /workspaces/server/servidor_minecraft/libraries/com/google/code/gson/gson/2.8.0/gson-2.8.0.jar
[18:07:19] [Server thread/INFO]: [SkinsRestorer] Loading server plugin SkinsRestorer v15.6.0
[18:07:19] [Server thread/INFO]: [WorldEdit] Loading server plugin WorldEdit v7.3.10-beta-01+cb9fd58
[18:07:19] [Server thread/INFO]: Got request to register class com.sk89q.worldedit.bukkit.BukkitServerInterface with WorldEdit [com.sk89q.worldedit.extension.platform.PlatformManager@4346b4be]
[18:07:19] [Server thread/INFO]: [MythicMobs] Loading server plugin MythicMobs v5.8.1-${CI_COMMIT_SHORT_SHA}
[18:07:19] [Server thread/INFO]: [LumineUtils] (io.lumine.mythic.bukkit.utils.) is bound to plugin MythicMobs - io.lumine.mythic.bukkit.MythicBukkit
[18:07:19] [Server thread/INFO]: [MythicMobs] §x§f§f§0§0§0§0M§x§f§f§6§6§0§0y§x§f§f§c§c§0§0t§x§c§b§f§f§0§0h§x§6§5§f§f§0§0i§x§0§0§f§f§0§0c§x§0§0§f§f§6§6 §x§0§0§f§f§c§bE§x§0§0§c§b§f§fn§x§0§0§6§5§f§fa§x§0§0§0§0§f§fb§x§6§6§0§0§f§fl§x§c§c§0§0§f§fe§x§f§f§0§0§c§cd§x§f§f§0§0§6§6!
[18:07:19] [Server thread/INFO]: [Chunky] Loading server plugin Chunky v1.3.146
[18:07:19] [Server thread/INFO]: Server permissions file permissions.yml is empty, ignoring it
[18:07:19] [Server thread/INFO]: [SkinsRestorer] Enabling SkinsRestorer v15.6.0
[18:07:20] [Server thread/WARN]: [SkinsRestorer] You must agree to the rules at 'commands.perSkinPermissionsConsent' in the config to use per skin permissions.
[18:07:20] [Server thread/INFO]: [SkinsRestorer] Running on Minecraft 1.20.4.
[18:07:21] [Server thread/INFO]: [SkinsRestorer] Using paper join listener!
[18:07:21] [Server thread/INFO]: [WorldEdit] Enabling WorldEdit v7.3.10-beta-01+cb9fd58
[18:07:21] [Server thread/INFO]: Registering commands with com.sk89q.worldedit.bukkit.BukkitServerInterface
[18:07:21] [Server thread/INFO]: WEPIF: Using the Bukkit Permissions API.
[18:07:21] [Folia Async Scheduler Thread #1/INFO]: [SkinsRestorer] ----------------------------------------------
[18:07:21] [Folia Async Scheduler Thread #1/INFO]: [SkinsRestorer]     +==================+
[18:07:21] [Folia Async Scheduler Thread #1/INFO]: [SkinsRestorer]     |   SkinsRestorer  |
[18:07:21] [Folia Async Scheduler Thread #1/INFO]: [SkinsRestorer]     |------------------|
[18:07:21] [Folia Async Scheduler Thread #1/INFO]: [SkinsRestorer]     |  Standalone Mode |
[18:07:21] [Folia Async Scheduler Thread #1/INFO]: [SkinsRestorer]     +==================+
[18:07:21] [Folia Async Scheduler Thread #1/INFO]: [SkinsRestorer] ----------------------------------------------
[18:07:21] [Folia Async Scheduler Thread #1/INFO]: [SkinsRestorer]     Version: 15.6.0
[18:07:21] [Folia Async Scheduler Thread #1/INFO]: [SkinsRestorer]     Commit: dec2ffc
[18:07:21] [Folia Async Scheduler Thread #1/INFO]: [SkinsRestorer]     This is the latest version!
[18:07:21] [Folia Async Scheduler Thread #1/INFO]: [SkinsRestorer] ----------------------------------------------
[18:07:21] [Folia Async Scheduler Thread #1/INFO]: [SkinsRestorer] Do you have issues? Read our troubleshooting guide: https://skinsrestorer.net/docs/troubleshooting
[18:07:21] [Folia Async Scheduler Thread #1/INFO]: [SkinsRestorer] Want to support SkinsRestorer? Consider donating: https://skinsrestorer.net/donate
[18:07:21] [Server thread/INFO]: Using com.sk89q.worldedit.bukkit.adapter.impl.v1_20_R3.PaperweightAdapter as the Bukkit adapter
[18:07:22] [Server thread/WARN]: **** SERVER IS RUNNING IN OFFLINE/INSECURE MODE!
[18:07:22] [Server thread/WARN]: The server will make no attempt to authenticate usernames. Beware.
[18:07:22] [Server thread/WARN]: While this makes the game possible to play without internet access, it also opens up the ability for hackers to connect with any username they choose.
[18:07:22] [Server thread/WARN]: To change this, set "online-mode" to "true" in the server.properties file.
[18:07:22] [Server thread/INFO]: Preparing level "world"
[18:07:23] [Server thread/INFO]: Preparing start region for dimension minecraft:overworld
[18:07:23] [Server thread/INFO]: Time elapsed: 259 ms
[18:07:23] [Server thread/INFO]: Preparing start region for dimension minecraft:the_nether
[18:07:24] [Server thread/INFO]: Time elapsed: 841 ms
[18:07:24] [Server thread/INFO]: Preparing start region for dimension minecraft:the_end
[18:07:24] [Server thread/INFO]: Time elapsed: 39 ms
[18:07:24] [Server thread/INFO]: [MythicMobs] Enabling MythicMobs v5.8.1-${CI_COMMIT_SHORT_SHA}
[18:07:26] [Server thread/INFO]: [MythicMobs] Failed to parse class io.lumine.mythic.core.volatilecode.v1_20_R3.ai.goals.CreeperSwellGoal$MythicSwellGoal
[18:07:26] [Server thread/INFO]: [MythicMobs] Failed to parse class io.lumine.mythic.core.volatilecode.v1_20_R3.ai.goals.LookAtTargetGoal$LookAtTarget
[18:07:26] [Server thread/INFO]: [MythicMobs] Failed to parse class io.lumine.mythic.core.volatilecode.v1_20_R3.ai.goals.MeleeAttackGoal$ModifiedMeleeAttackGoal
[18:07:26] [Server thread/INFO]: [MythicMobs] Failed to parse class io.lumine.mythic.core.volatilecode.v1_20_R3.ai.goals.MoveToBlockGoal$GoToBlockGoal
[18:07:26] [Server thread/INFO]: [MythicMobs] Failed to parse class io.lumine.mythic.core.volatilecode.v1_20_R3.ai.goals.MoveToLavaGoal$StriderGoToLavaGoal
[18:07:26] [Server thread/INFO]: [MythicMobs] Failed to parse class io.lumine.mythic.core.volatilecode.v1_20_R3.ai.goals.MoveToWaterGoal$TurtleGoToWaterGoal
[18:07:26] [Server thread/INFO]: [MythicMobs] Failed to parse class io.lumine.mythic.core.volatilecode.v1_20_R3.ai.goals.SpiderAttackGoal$SpiderMeleeAttackGoal
[18:07:26] [Server thread/INFO]: [MythicMobs] Failed to parse class io.lumine.mythic.core.volatilecode.v1_20_R3.ai.goals.ZombieAttackGoal$ZombieMeleeAttackGoal
[18:07:27] [Server thread/INFO]: [MythicMobs] Loading MythicMobs for Paper (MC: 1.20.4)...
[18:07:27] [Server thread/INFO]: [MythicMobs] The server is running Paper; enabled Paper exclusive functionality
[18:07:27] [Server thread/INFO]: [MythicMobs] Base directory /workspaces/server/servidor_minecraft/plugins/MythicMobs/data
[18:07:27] [Server thread/INFO]: [MythicMobs] Module directory /workspaces/server/servidor_minecraft/plugins/MythicMobs/data/worlds
[18:07:29] [Server thread/INFO]: [MythicMobs] Loading Packs...
[18:07:29] [Server thread/INFO]: [MythicMobs] Loading Items...
[18:07:29] [Server thread/INFO]: [MythicMobs] Loading Item Groups...
[18:07:29] [Server thread/INFO]: [MythicMobs] Loading Skills...
[18:07:29] [Server thread/INFO]: [MythicMobs] Loading Drop Tables...
[18:07:29] [Server thread/INFO]: [MythicMobs] Loading Random Spawns...
[18:07:29] [Server thread/INFO]: [MythicMobs] Loading Spawn Blocks...
[18:07:29] [Server thread/INFO]: [MythicMobs] ✓ Loaded 8 mobs.
[18:07:29] [Server thread/INFO]: [MythicMobs] ✓ Loaded 3 vanilla mob overrides.
[18:07:29] [Server thread/INFO]: [MythicMobs] ✓ Loaded 0 mob stacks.
[18:07:29] [Server thread/INFO]: [MythicMobs] ✓ Loaded 3 skills.
[18:07:29] [Server thread/INFO]: [MythicMobs] ✓ Loaded 0 random spawns.
[18:07:29] [Server thread/INFO]: [MythicMobs] ✓ Loaded 3 mythic items.
[18:07:29] [Server thread/INFO]: [MythicMobs] ✓ Loaded 2 drop tables.
[18:07:29] [Server thread/INFO]: [MythicMobs] ✓ Loaded 0 mob spawners.
[18:07:29] [Server thread/INFO]: [MythicMobs] MythicMobs configuration file loaded successfully.
[18:07:29] [Server thread/INFO]: [MythicMobs] Started up bStats Metrics
[18:07:29] [Server thread/INFO]: [MythicMobs] ✓ MythicMobs v5.8.1 ( build ${CI_COMMIT_SHORT_SHA} ) has been successfully loaded!
[18:07:29] [Server thread/INFO]: [Chunky] Enabling Chunky v1.3.146
[18:07:30] [Server thread/INFO]: Running delayed init tasks
[18:07:30] [Server thread/INFO]: Done (13.210s)! For help, type "help"
[18:07:30] [Server thread/INFO]: Timings Reset
[18:11:23] [User Authenticator #0/INFO]: UUID of player naiositoss is 09bf5cb3-cab3-3a2c-b19b-9dd0e7efeaa0
[18:11:34] [Server thread/INFO]: naiositoss joined the game
[18:11:34] [Server thread/INFO]: naiositoss[/127.206.15.85:54587] logged in with entity id 200 at ([world]99860.93802712212, 39.0625, 10066.420963657516)
[18:11:49] [Server thread/INFO]: naiositoss issued server command: /gamemode creative
[18:11:49] [Server thread/INFO]: [naiositoss: Set own game mode to Creative Mode]
[18:12:37] [Server thread/INFO]: Named entity EntitySkeletonWither['Skeletal Knight'/696, uuid='ba998215-e7b8-4666-8b2f-637892021236', l='ServerLevel[world]', x=99862.50, y=-1.00, z=10137.50, cpos=[6241, 633], tl=498, v=true] died: Skeletal Knight suffocated in a wall
[18:21:05] [Server thread/INFO]: Named entity EntitySkeletonWither['Skeletal Knight'/1252, uuid='9e44d361-530b-455e-9683-5a6bb11539aa', l='ServerLevel[world]', x=99919.50, y=29.00, z=10064.50, cpos=[6244, 629], tl=506, v=true] died: Skeletal Knight suffocated in a wall
[18:23:38] [Server thread/INFO]: naiositoss issued server command: /gamemode survival
[18:23:38] [Server thread/INFO]: [naiositoss: Set own game mode to Survival Mode]
[18:23:49] [Server thread/INFO]: [@: Showing new title for naiositoss]
[18:23:49] [Server thread/INFO]: [@: Summoned new Warden]
[18:23:49] [Server thread/INFO]: [@: Showing new subtitle for naiositoss]
[18:25:53] [Server thread/INFO]: Named entity EntitySkeletonWither['Skeletal Knight'/1619, uuid='e3c8eece-ab8d-4c7f-a2f5-086e12d82dfd', l='ServerLevel[world]', x=99894.52, y=-36.00, z=10080.48, cpos=[6243, 630], tl=405, v=true] died: Skeletal Knight suffocated in a wall
[18:27:21] [Server thread/INFO]: naiositoss issued server command: /gamemode creative
[18:27:21] [Server thread/INFO]: [naiositoss: Set own game mode to Creative Mode]
[18:28:41] [Server thread/INFO]: naiositoss issued server command: /gamemode survival
[18:28:41] [Server thread/INFO]: [naiositoss: Set own game mode to Survival Mode]
[18:31:22] [Server thread/INFO]: naiositoss issued server command: /gamemode creative
[18:31:22] [Server thread/INFO]: [naiositoss: Set own game mode to Creative Mode]
[18:36:25] [Server thread/INFO]: Named entity EntitySkeletonWither['Skeletal Knight'/2831, uuid='07c7748c-ecce-489a-8952-3eca4abbf1f4', l='ServerLevel[world]', x=99922.62, y=-8.00, z=10098.65, cpos=[6245, 631], tl=409, v=true] died: Skeletal Knight suffocated in a wall
[18:40:17] [Server thread/INFO]: naiositoss issued server command: /gamemode survival
[18:40:17] [Server thread/INFO]: [naiositoss: Set own game mode to Survival Mode]
[18:42:07] [Server thread/INFO]: naiositoss lost connection: Disconnected
[18:42:07] [Server thread/INFO]: naiositoss left the game
[18:42:24] [User Authenticator #1/INFO]: UUID of player naiositoss is 09bf5cb3-cab3-3a2c-b19b-9dd0e7efeaa0
[18:42:32] [Server thread/INFO]: naiositoss joined the game
[18:42:32] [Server thread/INFO]: naiositoss[/127.206.15.85:43475] logged in with entity id 3241 at ([world]99891.63865343647, 39.0, 10076.43189476276)
[18:43:21] [Server thread/INFO]: naiositoss issued server command: /gamemode creative
[18:43:21] [Server thread/INFO]: [naiositoss: Set own game mode to Creative Mode]
[18:46:54] [Server thread/INFO]: naiositoss has made the advancement [Hot Stuff]
[18:48:21] [Server thread/INFO]: naiositoss issued server command: //brush apply sphere item golden_shovel
[18:48:38] [Server thread/INFO]: naiositoss issued server command: //brush apply sphere set
[18:48:47] [Server thread/INFO]: naiositoss issued server command: //brush apply sphere set oxidized_cut_copper
[18:48:58] [Server thread/INFO]: naiositoss issued server command: //brush apply sphere set oxidized_cut_copper 1
[18:49:09] [Server thread/INFO]: naiositoss issued server command: //brush apply sphere 1 set oxidized_cut_copper 1
[18:49:20] [Server thread/INFO]: naiositoss issued server command: //brush apply sphape 1 set oxidized_cut_copper 1
[18:49:36] [Server thread/INFO]: naiositoss issued server command: //brush apply sphere set oxidized_cut_copper 0
[18:50:04] [Server thread/INFO]: naiositoss issued server command: //brush apply sphere set 1 item golden_shovel
[18:50:18] [Server thread/INFO]: naiositoss issued server command: //brush raise sphere 1
[18:52:23] [Server thread/INFO]: naiositoss issued server command: //brush apply sphere 1 set acacia_hanging_sign
[18:52:46] [Server thread/INFO]: naiositoss issued server command: //brush apply sphere 1 set oxidized_cut_copper
[18:53:10] [Server thread/INFO]: naiositoss issued server command: /gamemode spectator
[18:53:10] [Server thread/INFO]: [naiositoss: Set own game mode to Spectator Mode]
[18:53:15] [Server thread/INFO]: naiositoss issued server command: /time set day
[18:53:15] [Server thread/INFO]: [naiositoss: Set the time to 1000]
[18:53:33] [Server thread/INFO]: naiositoss issued server command: /gamemode creative
[18:53:33] [Server thread/INFO]: [naiositoss: Set own game mode to Creative Mode]
[18:53:35] [Server thread/INFO]: naiositoss issued server command: /gamemode survival
[18:53:35] [Server thread/INFO]: [naiositoss: Set own game mode to Survival Mode]
[18:53:58] [Server thread/INFO]: naiositoss issued server command: /gamemode creative
[18:53:58] [Server thread/INFO]: [naiositoss: Set own game mode to Creative Mode]
[18:54:08] [Server thread/INFO]: Named entity EntitySkeletonWither['Skeletal Knight'/4339, uuid='c43a5dca-e6b7-4ade-9117-13167acc388e', l='ServerLevel[world]', x=99819.50, y=48.00, z=10170.08, cpos=[6238, 635], tl=474, v=true] died: Skeletal Knight suffocated in a wall
[18:54:25] [Server thread/INFO]: naiositoss issued server command: /chunky radius 10000000000000000000000000000000000000000000000000000000000000000000000000000000000000000000000000000000000000000000000000000000000
[18:55:05] [Server thread/INFO]: naiositoss issued server command: /chunky radius 10000
[18:55:13] [Server thread/INFO]: naiositoss issued server command: /chunky start
[18:55:13] [ForkJoinPool.commonPool-worker-27/INFO]: [Chunky] Task running for world. Processed: 269 chunks (0.02%), ETA: 0:09:47, Rate: 2663.4 cps, Current: 3, 16
[18:55:14] [Server thread/INFO]: [Chunky] Task running for world. Processed: 291 chunks (0.02%), ETA: 2:28:45, Rate: 175.3 cps, Current: 3, 20
[18:55:15] [Server thread/INFO]: [Chunky] Task running for world. Processed: 292 chunks (0.02%), ETA: 4:17:28, Rate: 101.3 cps, Current: 6, 20
[18:55:17] [Server thread/INFO]: [Chunky] Task running for world. Processed: 294 chunks (0.02%), ETA: 6:59:33, Rate: 62.2 cps, Current: 7, 20
[18:55:18] [Server thread/INFO]: [Chunky] Task running for world. Processed: 312 chunks (0.02%), ETA: 7:59:11, Rate: 54.4 cps, Current: 1, 24
[18:55:20] [Server thread/INFO]: [Chunky] Task running for world. Processed: 332 chunks (0.02%), ETA: 9:07:56, Rate: 47.6 cps, Current: 0, 27
[18:55:21] [Server thread/INFO]: [Chunky] Task running for world. Processed: 356 chunks (0.02%), ETA: 10:00:48, Rate: 43.4 cps, Current: 5, 30
[18:55:22] [Server thread/INFO]: [Chunky] Task running for world. Processed: 379 chunks (0.02%), ETA: 10:38:38, Rate: 40.8 cps, Current: 7, 29
[18:55:22] [Server thread/INFO]: naiositoss issued server command: /chunky cancle
[18:55:23] [Server thread/INFO]: [Chunky] Task running for world. Processed: 390 chunks (0.02%), ETA: 11:31:02, Rate: 37.7 cps, Current: 9, 26
[18:55:24] [Server thread/INFO]: [Chunky] Task running for world. Processed: 407 chunks (0.03%), ETA: 12:07:15, Rate: 35.9 cps, Current: 11, 27
[18:55:25] [Server thread/INFO]: naiositoss issued server command: /chunky cancel
[18:55:25] [Server thread/INFO]: [Chunky] Task running for world. Processed: 531 chunks (0.03%), ETA: 10:21:42, Rate: 41.9 cps, Current: 19, 19
[18:55:27] [Server thread/INFO]: [Chunky] Task running for world. Processed: 533 chunks (0.03%), ETA: 11:48:15, Rate: 36.8 cps, Current: 16, 20
[18:55:28] [Server thread/INFO]: [Chunky] Task running for world. Processed: 566 chunks (0.04%), ETA: 11:58:33, Rate: 36.3 cps, Current: 23, 16
[18:55:30] [Server thread/INFO]: [Chunky] Task running for world. Processed: 585 chunks (0.04%), ETA: 12:37:38, Rate: 34.4 cps, Current: 17, 26
[18:55:31] [Server thread/INFO]: [Chunky] Task running for world. Processed: 613 chunks (0.04%), ETA: 12:55:08, Rate: 33.6 cps, Current: 17, 31
[18:55:32] [Server thread/INFO]: [Chunky] Task running for world. Processed: 634 chunks (0.04%), ETA: 13:16:42, Rate: 32.7 cps, Current: 21, 25
[18:55:32] [Server thread/INFO]: naiositoss issued server command: /chunky confirm
[18:55:32] [Chunky-world Thread/INFO]: [Chunky] Task stopped for world.
[18:55:46] [Server thread/INFO]: naiositoss issued server command: /setworldspawn
[18:55:46] [Server thread/INFO]: [naiositoss: Set the world spawn point to 99860, 94, 10089 [0.0]]
[18:56:13] [Server thread/INFO]: naiositoss issued server command: /chunky spawn
[18:56:17] [Server thread/INFO]: naiositoss issued server command: /chunky radius 10000
[18:56:20] [Server thread/INFO]: naiositoss issued server command: /chunky start
[18:56:23] [Server thread/INFO]: [Chunky] Task running for world. Processed: 483 chunks (0.03%), ETA: 2:27:52, Rate: 176.3 cps, Current: 6254, 610
[18:56:24] [Server thread/INFO]: [Chunky] Task running for world. Processed: 574 chunks (0.04%), ETA: 3:03:58, Rate: 141.7 cps, Current: 6240, 609
[18:56:25] [Server thread/INFO]: [Chunky] Task running for world. Processed: 598 chunks (0.04%), ETA: 3:40:55, Rate: 118.0 cps, Current: 6262, 626
[18:56:26] [Server thread/INFO]: naiositoss issued server command: /chunky progress
[18:56:27] [Server thread/INFO]: [Chunky] Task running for world. Processed: 630 chunks (0.04%), ETA: 4:27:53, Rate: 97.3 cps, Current: 6263, 630
[18:56:28] [Server thread/INFO]: [Chunky] Task running for world. Processed: 641 chunks (0.04%), ETA: 5:23:53, Rate: 80.5 cps, Current: 6264, 632
[18:56:29] [Server thread/INFO]: naiositoss issued server command: /chunky progress
[18:56:29] [Server thread/INFO]: naiositoss issued server command: /chunky progress
[18:56:29] [Server thread/INFO]: [Chunky] Task running for world. Processed: 652 chunks (0.04%), ETA: 5:58:53, Rate: 72.6 cps, Current: 6267, 632
[18:56:30] [Server thread/INFO]: naiositoss issued server command: /chunky progress
[18:56:30] [Server thread/INFO]: naiositoss issued server command: /chunky progress
[18:56:30] [Server thread/INFO]: [Chunky] Task running for world. Processed: 694 chunks (0.04%), ETA: 6:14:46, Rate: 69.6 cps, Current: 6270, 634
[18:56:30] [Server thread/INFO]: naiositoss issued server command: /chunky progress
[18:56:31] [Server thread/INFO]: naiositoss issued server command: /chunky progress
[18:56:31] [Server thread/INFO]: naiositoss issued server command: /chunky progress
[18:56:31] [Server thread/INFO]: naiositoss issued server command: /chunky progress
[18:56:32] [Server thread/INFO]: [Chunky] Task running for world. Processed: 700 chunks (0.04%), ETA: 7:07:25, Rate: 61.0 cps, Current: 6270, 633
[18:56:32] [Server thread/INFO]: naiositoss issued server command: /chunky progress
[18:56:33] [Server thread/INFO]: [Chunky] Task running for world. Processed: 742 chunks (0.05%), ETA: 7:19:03, Rate: 59.4 cps, Current: 6270, 628
[18:56:33] [Server thread/INFO]: naiositoss issued server command: /chunky progress
[18:56:33] [Server thread/INFO]: naiositoss issued server command: /chunky progress
[18:56:34] [Server thread/INFO]: [Chunky] Task running for world. Processed: 751 chunks (0.05%), ETA: 8:00:50, Rate: 54.2 cps, Current: 6267, 625
[18:56:35] [Server thread/INFO]: [Chunky] Task running for world. Processed: 755 chunks (0.05%), ETA: 8:39:35, Rate: 50.2 cps, Current: 6269, 627
[18:56:36] [Server thread/INFO]: naiositoss issued server command: /chunky progress
[18:56:36] [Server thread/INFO]: [Chunky] Task running for world. Processed: 918 chunks (0.06%), ETA: 7:38:20, Rate: 56.9 cps, Current: 6262, 619
[18:56:38] [Server thread/INFO]: [Chunky] Task running for world. Processed: 922 chunks (0.06%), ETA: 8:17:41, Rate: 52.4 cps, Current: 6263, 615
[18:56:39] [Server thread/INFO]: [Chunky] Task running for world. Processed: 954 chunks (0.06%), ETA: 8:30:13, Rate: 51.1 cps, Current: 6264, 609
[18:56:39] [Server thread/INFO]: naiositoss issued server command: /gamemode spectator
[18:56:39] [Server thread/INFO]: [naiositoss: Set own game mode to Spectator Mode]
[18:56:40] [Server thread/INFO]: [Chunky] Task running for world. Processed: 982 chunks (0.06%), ETA: 8:45:22, Rate: 49.6 cps, Current: 6265, 613
[18:56:41] [Server thread/INFO]: [Chunky] Task running for world. Processed: 993 chunks (0.06%), ETA: 9:05:51, Rate: 47.8 cps, Current: 6268, 615
[18:56:43] [Server thread/INFO]: [Chunky] Task running for world. Processed: 1024 chunks (0.07%), ETA: 9:25:46, Rate: 46.1 cps, Current: 6274, 609
[18:56:44] [Server thread/INFO]: [Chunky] Task running for world. Processed: 1047 chunks (0.07%), ETA: 9:41:19, Rate: 44.8 cps, Current: 6274, 612
[18:56:45] [Server thread/INFO]: [Chunky] Task running for world. Processed: 1065 chunks (0.07%), ETA: 9:58:20, Rate: 43.6 cps, Current: 6275, 615
[18:56:46] [Server thread/INFO]: [Chunky] Task running for world. Processed: 1084 chunks (0.07%), ETA: 10:12:03, Rate: 42.6 cps, Current: 6279, 610
[18:56:47] [Server thread/INFO]: [Chunky] Task running for world. Processed: 1088 chunks (0.07%), ETA: 10:33:52, Rate: 41.1 cps, Current: 6277, 608
[18:56:48] [Server thread/INFO]: [Chunky] Task running for world. Processed: 1130 chunks (0.07%), ETA: 10:36:45, Rate: 40.9 cps, Current: 6283, 612
[18:56:49] [Server thread/INFO]: [Chunky] Task running for world. Processed: 1151 chunks (0.07%), ETA: 10:55:16, Rate: 39.8 cps, Current: 6281, 614
[18:56:50] [Server thread/INFO]: [Chunky] Task running for world. Processed: 1153 chunks (0.07%), ETA: 17:42:48, Rate: 24.5 cps, Current: 6280, 616
[18:56:51] [Server thread/INFO]: naiositoss issued server command: /gamemode creative
[18:56:51] [Server thread/INFO]: [naiositoss: Set own game mode to Creative Mode]
[18:56:51] [Server thread/INFO]: [Chunky] Task running for world. Processed: 1183 chunks (0.08%), ETA: 17:34:35, Rate: 24.7 cps, Current: 6280, 618
[18:56:53] [Server thread/INFO]: [Chunky] Task running for world. Processed: 1253 chunks (0.08%), ETA: 16:35:53, Rate: 26.2 cps, Current: 6274, 616
[18:56:54] [Server thread/INFO]: [Chunky] Task running for world. Processed: 1281 chunks (0.08%), ETA: 18:12:12, Rate: 23.9 cps, Current: 6272, 624
[18:56:57] [Server thread/INFO]: [Chunky] Task running for world. Processed: 1346 chunks (0.09%), ETA: 17:41:20, Rate: 24.6 cps, Current: 6272, 633
[18:56:59] [Server thread/INFO]: [Chunky] Task running for world. Processed: 1403 chunks (0.09%), ETA: 16:55:20, Rate: 25.7 cps, Current: 6278, 639
[18:57:00] [Server thread/INFO]: [Chunky] Task running for world. Processed: 1409 chunks (0.09%), ETA: 17:51:17, Rate: 24.3 cps, Current: 6280, 632
[18:57:01] [Server thread/INFO]: [Chunky] Task running for world. Processed: 1426 chunks (0.09%), ETA: 17:18:45, Rate: 25.1 cps, Current: 6282, 632
[18:57:02] [Server thread/INFO]: [Chunky] Task running for world. Processed: 1459 chunks (0.09%), ETA: 17:33:45, Rate: 24.7 cps, Current: 6287, 637
[18:57:03] [Server thread/INFO]: [Chunky] Task running for world. Processed: 1515 chunks (0.10%), ETA: 16:17:34, Rate: 26.7 cps, Current: 6282, 626
[18:57:04] [Server thread/INFO]: [Chunky] Task running for world. Processed: 1522 chunks (0.10%), ETA: 16:45:53, Rate: 25.9 cps, Current: 6285, 627
[18:57:05] [Server thread/INFO]: [Chunky] Task running for world. Processed: 1536 chunks (0.10%), ETA: 16:27:05, Rate: 26.4 cps, Current: 6287, 625
[18:57:06] [Server thread/INFO]: [Chunky] Task running for world. Processed: 1571 chunks (0.10%), ETA: 19:38:01, Rate: 22.1 cps, Current: 6293, 629
[18:57:07] [Server thread/INFO]: [Chunky] Task running for world. Processed: 1598 chunks (0.10%), ETA: 18:41:44, Rate: 23.2 cps, Current: 6293, 631
[18:57:08] [Server thread/INFO]: [Chunky] Task running for world. Processed: 1611 chunks (0.10%), ETA: 19:11:28, Rate: 22.6 cps, Current: 6288, 636
[18:57:11] [Server thread/INFO]: [Chunky] Task running for world. Processed: 1667 chunks (0.11%), ETA: 19:23:48, Rate: 22.4 cps, Current: 6297, 633
[18:57:12] [Server thread/INFO]: [Chunky] Task running for world. Processed: 1707 chunks (0.11%), ETA: 18:54:50, Rate: 23.0 cps, Current: 6298, 639
[18:57:13] [Server thread/INFO]: [Chunky] Task running for world. Processed: 1733 chunks (0.11%), ETA: 18:45:11, Rate: 23.2 cps, Current: 6299, 631
[18:57:15] [Server thread/INFO]: [Chunky] Task running for world. Processed: 1765 chunks (0.11%), ETA: 18:29:50, Rate: 23.5 cps, Current: 6298, 627
[18:57:16] [Server thread/INFO]: [Chunky] Task running for world. Processed: 1778 chunks (0.11%), ETA: 18:21:22, Rate: 23.7 cps, Current: 6301, 627
[18:57:17] [Server thread/INFO]: [Chunky] Task running for world. Processed: 1787 chunks (0.11%), ETA: 19:17:00, Rate: 22.5 cps, Current: 6302, 626
[18:57:18] [Server thread/INFO]: [Chunky] Task running for world. Processed: 1836 chunks (0.12%), ETA: 18:18:53, Rate: 23.7 cps, Current: 6297, 616
[18:57:19] [Server thread/INFO]: [Chunky] Task running for world. Processed: 1892 chunks (0.12%), ETA: 16:58:48, Rate: 25.6 cps, Current: 6290, 618
[18:57:21] [Server thread/INFO]: [Chunky] Task running for world. Processed: 1921 chunks (0.12%), ETA: 17:22:01, Rate: 25.0 cps, Current: 6295, 615
[18:57:22] [Server thread/INFO]: [Chunky] Task running for world. Processed: 1951 chunks (0.12%), ETA: 18:22:04, Rate: 23.6 cps, Current: 6294, 612
[18:57:23] [Server thread/INFO]: [Chunky] Task running for world. Processed: 1981 chunks (0.13%), ETA: 18:03:55, Rate: 24.0 cps, Current: 6296, 610
[18:57:24] [Server thread/INFO]: [Chunky] Task running for world. Processed: 2006 chunks (0.13%), ETA: 17:51:49, Rate: 24.3 cps, Current: 6296, 608
[18:57:25] [Server thread/INFO]: [Chunky] Task running for world. Processed: 2018 chunks (0.13%), ETA: 18:13:04, Rate: 23.8 cps, Current: 6299, 609
[18:57:26] [Server thread/INFO]: [Chunky] Task running for world. Processed: 2026 chunks (0.13%), ETA: 18:40:58, Rate: 23.2 cps, Current: 6301, 613
[18:57:27] [Server thread/INFO]: [Chunky] Task running for world. Processed: 2028 chunks (0.13%), ETA: 19:56:21, Rate: 21.8 cps, Current: 6301, 612
[18:57:29] [Server thread/INFO]: [Chunky] Task running for world. Processed: 2044 chunks (0.13%), ETA: 20:15:16, Rate: 21.4 cps, Current: 6274, 577
[18:57:30] [Server thread/INFO]: [Chunky] Task running for world. Processed: 2060 chunks (0.13%), ETA: 19:51:51, Rate: 21.9 cps, Current: 6275, 577
[18:57:31] [Server thread/INFO]: [Chunky] Task running for world. Processed: 2077 chunks (0.13%), ETA: 20:19:24, Rate: 21.4 cps, Current: 6275, 580
[18:57:32] [Server thread/INFO]: [Chunky] Task running for world. Processed: 2091 chunks (0.13%), ETA: 21:56:03, Rate: 19.8 cps, Current: 6277, 579
[18:57:33] [Server thread/INFO]: [Chunky] Task running for world. Processed: 2112 chunks (0.13%), ETA: 21:27:49, Rate: 20.2 cps, Current: 6281, 578
[18:57:34] [Server thread/INFO]: [Chunky] Task running for world. Processed: 2137 chunks (0.14%), ETA: 21:09:19, Rate: 20.5 cps, Current: 6284, 580
[18:57:36] [Server thread/INFO]: [Chunky] Task running for world. Processed: 2161 chunks (0.14%), ETA: 21:40:01, Rate: 20.0 cps, Current: 6280, 581
[18:57:37] [Server thread/INFO]: [Chunky] Task running for world. Processed: 2177 chunks (0.14%), ETA: 22:11:03, Rate: 19.6 cps, Current: 6280, 584
[18:57:38] [Server thread/INFO]: [Chunky] Task running for world. Processed: 2197 chunks (0.14%), ETA: 21:58:34, Rate: 19.8 cps, Current: 6285, 586
[18:57:39] [Server thread/INFO]: [Chunky] Task running for world. Processed: 2227 chunks (0.14%), ETA: 21:17:47, Rate: 20.4 cps, Current: 6283, 591
[18:57:40] [Server thread/INFO]: [Chunky] Task running for world. Processed: 2264 chunks (0.14%), ETA: 20:43:57, Rate: 20.9 cps, Current: 6277, 586
[18:57:41] [Server thread/INFO]: [Chunky] Task running for world. Processed: 2279 chunks (0.15%), ETA: 21:01:00, Rate: 20.7 cps, Current: 6274, 585
[18:57:42] [Server thread/INFO]: [Chunky] Task running for world. Processed: 2302 chunks (0.15%), ETA: 21:36:49, Rate: 20.1 cps, Current: 6273, 592
[18:57:43] [Server thread/INFO]: [Chunky] Task running for world. Processed: 2319 chunks (0.15%), ETA: 22:01:02, Rate: 19.7 cps, Current: 6272, 595
[18:57:44] [Server thread/INFO]: [Chunky] Task running for world. Processed: 2332 chunks (0.15%), ETA: 22:42:20, Rate: 19.1 cps, Current: 6276, 595
[18:57:45] [Server thread/INFO]: [Chunky] Task running for world. Processed: 2370 chunks (0.15%), ETA: 21:29:03, Rate: 20.2 cps, Current: 6272, 599
[18:57:46] [Server thread/INFO]: [Chunky] Task running for world. Processed: 2413 chunks (0.15%), ETA: 20:14:55, Rate: 21.4 cps, Current: 6278, 604
[18:57:48] [Server thread/INFO]: [Chunky] Task running for world. Processed: 2433 chunks (0.16%), ETA: 21:20:19, Rate: 20.3 cps, Current: 6280, 600
[18:57:49] [Server thread/INFO]: [Chunky] Task running for world. Processed: 2456 chunks (0.16%), ETA: 22:27:53, Rate: 19.3 cps, Current: 6283, 606
[18:57:50] [Server thread/INFO]: [Chunky] Task running for world. Processed: 2530 chunks (0.16%), ETA: 20:22:00, Rate: 21.3 cps, Current: 6281, 595
[18:57:51] [Server thread/INFO]: [Chunky] Task running for world. Processed: 2542 chunks (0.16%), ETA: 21:19:58, Rate: 20.3 cps, Current: 6284, 595
[18:57:52] [Server thread/INFO]: [Chunky] Task running for world. Processed: 2553 chunks (0.16%), ETA: 21:57:48, Rate: 19.8 cps, Current: 6286, 595
[18:57:53] [Server thread/INFO]: [Chunky] Task running for world. Processed: 2574 chunks (0.16%), ETA: 22:08:14, Rate: 19.6 cps, Current: 6291, 594
[18:57:54] [Server thread/INFO]: [Chunky] Task running for world. Processed: 2622 chunks (0.17%), ETA: 20:49:12, Rate: 20.8 cps, Current: 6290, 599
[18:57:55] [Server thread/INFO]: [Chunky] Task running for world. Processed: 2657 chunks (0.17%), ETA: 19:55:09, Rate: 21.8 cps, Current: 6292, 607
[18:57:56] [Server thread/INFO]: [Chunky] Task running for world. Processed: 2692 chunks (0.17%), ETA: 18:58:43, Rate: 22.9 cps, Current: 6297, 602
[18:57:57] [Server thread/INFO]: [Chunky] Task running for world. Processed: 2715 chunks (0.17%), ETA: 18:39:54, Rate: 23.3 cps, Current: 6299, 601
[18:57:59] [Server thread/INFO]: [Chunky] Task running for world. Processed: 2751 chunks (0.18%), ETA: 18:13:34, Rate: 23.8 cps, Current: 6301, 599
[18:58:00] [Server thread/INFO]: [Chunky] Task running for world. Processed: 2782 chunks (0.18%), ETA: 17:53:09, Rate: 24.3 cps, Current: 6299, 596
[18:58:01] [Server thread/INFO]: [Chunky] Task running for world. Processed: 2796 chunks (0.18%), ETA: 17:58:23, Rate: 24.1 cps, Current: 6299, 594
[18:58:02] [Server thread/INFO]: [Chunky] Task running for world. Processed: 2815 chunks (0.18%), ETA: 17:57:17, Rate: 24.2 cps, Current: 6301, 591
[18:58:03] [Server thread/INFO]: [Chunky] Task running for world. Processed: 2840 chunks (0.18%), ETA: 17:56:38, Rate: 24.2 cps, Current: 6303, 586
